<?xml version="1.0" encoding="UTF-8"?>
<!-- Generated by org.testng.reporters.JUnitReportReporter -->
<testsuite skipped="0" hostname="DESKTOP-SE7BGIU" name="testngwithpom.NewTest" tests="1" failures="0" timestamp="08 Oct 2018 10:26:58 GMT" time="0.013" errors="0">
  <testcase name="f" time="0.013" classname="testngwithpom.NewTest"/>
</testsuite> <!-- testngwithpom.NewTest -->
