<?xml version="1.0" encoding="UTF-8"?>
<!-- Generated by org.testng.reporters.JUnitReportReporter -->
<testsuite skipped="0" hostname="DESKTOP-SE7BGIU" name="testngwithpom.Testngdatawithsameclass" tests="1" failures="0" timestamp="09 Oct 2018 10:01:26 GMT" time="9.237" errors="0">
  <testcase name="search" time="9.237" classname="testngwithpom.Testngdatawithsameclass"/>
</testsuite> <!-- testngwithpom.Testngdatawithsameclass -->
